Determining if the pthread_create exist failed with the following output:
Change Dir: /home/sharkkk/ros_lab/lab4/build/CMakeFiles/CMakeTmp

Run Build Command:"/usr/bin/make" "cmTC_1a2d1/fast"
make[1]: вход в каталог «/home/sharkkk/ros_lab/lab4/build/CMakeFiles/CMakeTmp»
/usr/bin/make -f CMakeFiles/cmTC_1a2d1.dir/build.make CMakeFiles/cmTC_1a2d1.dir/build
make[2]: вход в каталог «/home/sharkkk/ros_lab/lab4/build/CMakeFiles/CMakeTmp»
Building C object CMakeFiles/cmTC_1a2d1.dir/CheckSymbolExists.c.o
/usr/bin/cc    -o CMakeFiles/cmTC_1a2d1.dir/CheckSymbolExists.c.o   -c /home/sharkkk/ros_lab/lab4/build/CMakeFiles/CMakeTmp/CheckSymbolExists.c
Linking C executable cmTC_1a2d1
/usr/bin/cmake -E cmake_link_script CMakeFiles/cmTC_1a2d1.dir/link.txt --verbose=1
/usr/bin/cc      -rdynamic CMakeFiles/cmTC_1a2d1.dir/CheckSymbolExists.c.o  -o cmTC_1a2d1 
CMakeFiles/cmTC_1a2d1.dir/CheckSymbolExists.c.o: In function `main':
CheckSymbolExists.c:(.text+0x1b): undefined reference to `pthread_create'
collect2: error: ld returned 1 exit status
CMakeFiles/cmTC_1a2d1.dir/build.make:97: recipe for target 'cmTC_1a2d1' failed
make[2]: *** [cmTC_1a2d1] Error 1
make[2]: выход из каталога «/home/sharkkk/ros_lab/lab4/build/CMakeFiles/CMakeTmp»
Makefile:126: recipe for target 'cmTC_1a2d1/fast' failed
make[1]: *** [cmTC_1a2d1/fast] Error 2
make[1]: выход из каталога «/home/sharkkk/ros_lab/lab4/build/CMakeFiles/CMakeTmp»

File /home/sharkkk/ros_lab/lab4/build/CMakeFiles/CMakeTmp/CheckSymbolExists.c:
/* */
#include <pthread.h>

int main(int argc, char** argv)
{
  (void)argv;
#ifndef pthread_create
  return ((int*)(&pthread_create))[argc];
#else
  (void)argc;
  return 0;
#endif
}

Determining if the function pthread_create exists in the pthreads failed with the following output:
Change Dir: /home/sharkkk/ros_lab/lab4/build/CMakeFiles/CMakeTmp

Run Build Command:"/usr/bin/make" "cmTC_9f350/fast"
make[1]: вход в каталог «/home/sharkkk/ros_lab/lab4/build/CMakeFiles/CMakeTmp»
/usr/bin/make -f CMakeFiles/cmTC_9f350.dir/build.make CMakeFiles/cmTC_9f350.dir/build
make[2]: вход в каталог «/home/sharkkk/ros_lab/lab4/build/CMakeFiles/CMakeTmp»
Building C object CMakeFiles/cmTC_9f350.dir/CheckFunctionExists.c.o
/usr/bin/cc   -DCHECK_FUNCTION_EXISTS=pthread_create   -o CMakeFiles/cmTC_9f350.dir/CheckFunctionExists.c.o   -c /usr/share/cmake-3.10/Modules/CheckFunctionExists.c
Linking C executable cmTC_9f350
/usr/bin/cmake -E cmake_link_script CMakeFiles/cmTC_9f350.dir/link.txt --verbose=1
/usr/bin/cc  -DCHECK_FUNCTION_EXISTS=pthread_create    -rdynamic CMakeFiles/cmTC_9f350.dir/CheckFunctionExists.c.o  -o cmTC_9f350 -lpthreads 
/usr/bin/ld: cannot find -lpthreads
collect2: error: ld returned 1 exit status
CMakeFiles/cmTC_9f350.dir/build.make:97: recipe for target 'cmTC_9f350' failed
make[2]: *** [cmTC_9f350] Error 1
make[2]: выход из каталога «/home/sharkkk/ros_lab/lab4/build/CMakeFiles/CMakeTmp»
Makefile:126: recipe for target 'cmTC_9f350/fast' failed
make[1]: *** [cmTC_9f350/fast] Error 2
make[1]: выход из каталога «/home/sharkkk/ros_lab/lab4/build/CMakeFiles/CMakeTmp»


